INFO:werkzeug:[31m[1mWARNING: This is a development server. Do not use it in a production deployment. Use a production WSGI server instead.[0m
 * Running on all addresses (0.0.0.0)
 * Running on http://127.0.0.1:5000
 * Running on http://192.168.0.105:5000
INFO:werkzeug:[33mPress CTRL+C to quit[0m
INFO:werkzeug: * Restarting with stat
WARNING:werkzeug: * Debugger is active!
INFO:werkzeug: * Debugger PIN: 113-864-153
INFO:werkzeug:[31m[1mWARNING: This is a development server. Do not use it in a production deployment. Use a production WSGI server instead.[0m
 * Running on all addresses (0.0.0.0)
 * Running on http://127.0.0.1:5000
 * Running on http://192.168.0.105:5000
INFO:werkzeug:[33mPress CTRL+C to quit[0m
INFO:werkzeug: * Restarting with stat
WARNING:werkzeug: * Debugger is active!
INFO:werkzeug: * Debugger PIN: 113-864-153
INFO:werkzeug:[31m[1mWARNING: This is a development server. Do not use it in a production deployment. Use a production WSGI server instead.[0m
 * Running on all addresses (0.0.0.0)
 * Running on http://127.0.0.1:5000
 * Running on http://192.168.0.105:5000
INFO:werkzeug:[33mPress CTRL+C to quit[0m
INFO:werkzeug: * Restarting with stat
WARNING:werkzeug: * Debugger is active!
INFO:werkzeug: * Debugger PIN: 113-864-153
INFO:root:next: 2
INFO:werkzeug:127.0.0.1 - - [17/Nov/2022 16:43:04] "GET /api/prime_numbers?current_prime=491 HTTP/1.0" 200 -
INFO:root:next: 3
INFO:werkzeug:127.0.0.1 - - [17/Nov/2022 16:43:06] "GET /api/prime_numbers?current_prime=491 HTTP/1.0" 200 -
INFO:root:next: 5
INFO:werkzeug:127.0.0.1 - - [17/Nov/2022 16:48:42] "GET /api/prime_numbers?current_prime=491 HTTP/1.0" 200 -
INFO:root:next: 7
INFO:werkzeug:127.0.0.1 - - [17/Nov/2022 16:48:43] "GET /api/prime_numbers?current_prime=491 HTTP/1.0" 200 -
INFO:root:next: 11
INFO:werkzeug:127.0.0.1 - - [17/Nov/2022 16:48:43] "GET /api/prime_numbers?current_prime=491 HTTP/1.0" 200 -
INFO:root:next: 13
INFO:werkzeug:127.0.0.1 - - [17/Nov/2022 16:48:44] "GET /api/prime_numbers?current_prime=491 HTTP/1.0" 200 -
INFO:werkzeug: * Detected change in '/home/pn/api/test/use_cases/prime_numbers_test.py', reloading
INFO:werkzeug: * Restarting with stat
WARNING:werkzeug: * Debugger is active!
INFO:werkzeug: * Debugger PIN: 113-864-153
INFO:werkzeug: * Detected change in '/home/pn/api/test/application_unittest.py', reloading
INFO:werkzeug: * Restarting with stat
WARNING:werkzeug: * Debugger is active!
INFO:werkzeug: * Debugger PIN: 113-864-153
INFO:werkzeug: * Detected change in '/home/pn/api/test/use_cases/prime_numbers_test.py', reloading
INFO:werkzeug: * Restarting with stat
WARNING:werkzeug: * Debugger is active!
INFO:werkzeug: * Debugger PIN: 113-864-153
INFO:werkzeug: * Detected change in '/home/pn/api/test/application_test_case.py', reloading
INFO:werkzeug: * Restarting with stat
WARNING:werkzeug: * Debugger is active!
INFO:werkzeug: * Debugger PIN: 113-864-153
INFO:werkzeug: * Detected change in '/home/pn/api/test/application_test_case.py', reloading
INFO:werkzeug: * Restarting with stat
WARNING:werkzeug: * Debugger is active!
INFO:werkzeug: * Debugger PIN: 113-864-153
INFO:werkzeug: * Detected change in '/home/pn/api/test/use_cases/prime_numbers_test.py', reloading
INFO:werkzeug: * Restarting with stat
WARNING:werkzeug: * Debugger is active!
INFO:werkzeug: * Debugger PIN: 113-864-153
INFO:werkzeug: * Detected change in '/home/pn/api/test/use_cases/prime_numbers_test.py', reloading
INFO:werkzeug: * Restarting with stat
WARNING:werkzeug: * Debugger is active!
INFO:werkzeug: * Debugger PIN: 113-864-153
INFO:werkzeug: * Detected change in '/home/pn/api/test/use_cases/prime_numbers_test.py', reloading
INFO:werkzeug: * Restarting with stat
WARNING:werkzeug: * Debugger is active!
INFO:werkzeug: * Debugger PIN: 113-864-153
INFO:werkzeug: * Detected change in '/home/pn/api/test/use_cases/prime_numbers_test.py', reloading
INFO:werkzeug: * Restarting with stat
WARNING:werkzeug: * Debugger is active!
INFO:werkzeug: * Debugger PIN: 113-864-153
INFO:werkzeug: * Detected change in '/home/pn/api/test/use_cases/prime_numbers_test.py', reloading
INFO:werkzeug: * Restarting with stat
WARNING:werkzeug: * Debugger is active!
INFO:werkzeug: * Debugger PIN: 113-864-153
INFO:werkzeug: * Detected change in '/home/pn/api/test/use_cases/prime_numbers_test.py', reloading
INFO:werkzeug: * Restarting with stat
WARNING:werkzeug: * Debugger is active!
INFO:werkzeug: * Debugger PIN: 113-864-153
INFO:werkzeug: * Detected change in '/home/pn/api/test/use_cases/prime_numbers_test.py', reloading
INFO:werkzeug: * Restarting with stat
WARNING:werkzeug: * Debugger is active!
INFO:werkzeug: * Debugger PIN: 113-864-153
INFO:werkzeug: * Detected change in '/home/pn/api/test/use_cases/prime_numbers_test.py', reloading
INFO:werkzeug: * Restarting with stat
WARNING:werkzeug: * Debugger is active!
INFO:werkzeug: * Debugger PIN: 113-864-153
INFO:werkzeug: * Detected change in '/home/pn/api/test/use_cases/prime_numbers_test.py', reloading
INFO:werkzeug: * Restarting with stat
WARNING:werkzeug: * Debugger is active!
INFO:werkzeug: * Debugger PIN: 113-864-153
INFO:werkzeug: * Detected change in '/home/pn/api/test/use_cases/prime_numbers_test.py', reloading
INFO:werkzeug: * Restarting with stat
WARNING:werkzeug: * Debugger is active!
INFO:werkzeug: * Debugger PIN: 113-864-153
